c:\users\arthu\source\repos\projetpoo\projetpoo\x64\debug\vc143.pdb
c:\users\arthu\source\repos\projetpoo\projetpoo\x64\debug\.netframework,version=v4.7.2.assemblyattributes.obj
c:\users\arthu\source\repos\projetpoo\projetpoo\x64\debug\sqlmap.obj
c:\users\arthu\source\repos\projetpoo\projetpoo\x64\debug\sqlfunction.obj
c:\users\arthu\source\repos\projetpoo\projetpoo\x64\debug\sqlconn.obj
c:\users\arthu\source\repos\projetpoo\projetpoo\x64\debug\myusercontrolselect.obj
c:\users\arthu\source\repos\projetpoo\projetpoo\x64\debug\myusercontrolinsert.obj
c:\users\arthu\source\repos\projetpoo\projetpoo\x64\debug\formpersonnel.obj
c:\users\arthu\source\repos\projetpoo\projetpoo\x64\debug\myform.obj
c:\users\arthu\source\repos\projetpoo\projetpoo\x64\debug\formstock.obj
c:\users\arthu\source\repos\projetpoo\projetpoo\x64\debug\formstatistiques.obj
c:\users\arthu\source\repos\projetpoo\projetpoo\x64\debug\formcommandes.obj
c:\users\arthu\source\repos\projetpoo\projetpoo\x64\debug\formclient.obj
c:\users\arthu\source\repos\projetpoo\x64\debug\projetpoo.exe
c:\users\arthu\source\repos\projetpoo\projetpoo\x64\debug\projetpoo.vcxproj.assemblyreference.cache
c:\users\arthu\source\repos\projetpoo\projetpoo\x64\debug\projetpoo.vcxproj.generateresource.cache
c:\users\arthu\source\repos\projetpoo\projetpoo\x64\debug\projetpoo.formclient.resources
c:\users\arthu\source\repos\projetpoo\projetpoo\x64\debug\projetpoo.formpersonnel.resources
c:\users\arthu\source\repos\projetpoo\projetpoo\x64\debug\projetpoo.myform.resources
c:\users\arthu\source\repos\projetpoo\projetpoo\x64\debug\projetpoo.myusercontrolinsert.resources
c:\users\arthu\source\repos\projetpoo\projetpoo\x64\debug\projetpoo.myusercontrolselect.resources
c:\users\arthu\source\repos\projetpoo\projetpoo\x64\debug\projetpoo.tlog\cl.command.1.tlog
c:\users\arthu\source\repos\projetpoo\projetpoo\x64\debug\projetpoo.tlog\cl.read.1.tlog
c:\users\arthu\source\repos\projetpoo\projetpoo\x64\debug\projetpoo.tlog\cl.write.1.tlog
c:\users\arthu\source\repos\projetpoo\projetpoo\x64\debug\projetpoo.tlog\link.command.1.tlog
c:\users\arthu\source\repos\projetpoo\projetpoo\x64\debug\projetpoo.tlog\link.read.1.tlog
c:\users\arthu\source\repos\projetpoo\projetpoo\x64\debug\projetpoo.tlog\link.write.1.tlog
c:\users\arthu\source\repos\projetpoo\projetpoo\x64\debug\projetpoo.tlog\metagen.read.1.tlog
c:\users\arthu\source\repos\projetpoo\projetpoo\x64\debug\projetpoo.tlog\metagen.write.1.tlog
c:\users\arthu\source\repos\projetpoo\projetpoo\x64\debug\projetpoo.tlog\resgen.command.1.tlog
c:\users\arthu\source\repos\projetpoo\projetpoo\x64\debug\projetpoo.tlog\resgen.read.1.tlog
c:\users\arthu\source\repos\projetpoo\projetpoo\x64\debug\projetpoo.tlog\resgen.write.1.tlog
